2020-12-07 10:59:05,861 ERROR [admin] [test001_fwq.py(test01_fwq_hand_add:59)] - 无错误提示信息，或者提示信息有误，Message: 

2020-12-07 10:59:16,508 ERROR [admin] [test001_fwq.py(test01_fwq_hand_add:65)] - 错误的用例，能够添加成功，用例不通过
2020-12-07 10:59:33,097 ERROR [admin] [test001_fwq.py(test01_fwq_hand_add:59)] - 无错误提示信息，或者提示信息有误，Message: 

2020-12-07 10:59:43,793 ERROR [admin] [test001_fwq.py(test01_fwq_hand_add:65)] - 错误的用例，能够添加成功，用例不通过
2020-12-07 11:04:17,085 ERROR [admin] [test002_login.py(test01_login:55)] - 错误信息提示有误
2020-12-07 11:04:17,099 ERROR [admin] [test002_login.py(test01_login:61)] - 逆向用例，登录成功
2020-12-07 11:42:12,526 ERROR [admin] [test001_fwq.py(test01_fwq_hand_add:59)] - 无错误提示信息，或者提示信息有误，Message: 

2020-12-07 11:48:11,035 ERROR [admin] [test001_fwq.py(test01_fwq_hand_add:59)] - 无错误提示信息，或者提示信息有误，Message: 

2020-12-07 11:48:39,016 ERROR [admin] [test001_fwq.py(test01_fwq_hand_add:59)] - 无错误提示信息，或者提示信息有误，Message: 

2020-12-07 12:08:14,027 ERROR [admin] [test001_fwq.py(test01_fwq_hand_add:59)] - 无错误提示信息，或者提示信息有误，Message: 

2020-12-07 12:15:59,848 ERROR [admin] [test003_user.py(test04_user_conversation:97)] - 没有收到消息
2020-12-07 12:31:54,037 ERROR [admin] [test001_fwq.py(test01_fwq_hand_add:59)] - 无错误提示信息，或者提示信息有误，Message: 

2020-12-07 12:32:19,753 ERROR [admin] [test001_fwq.py(test01_fwq_hand_add:59)] - 无错误提示信息，或者提示信息有误，Message: 

2020-12-07 12:50:29,076 ERROR [admin] [test001_fwq.py(test01_fwq_hand_add:59)] - 无错误提示信息，或者提示信息有误，Message: 

2020-12-07 12:50:56,188 ERROR [admin] [test001_fwq.py(test01_fwq_hand_add:59)] - 无错误提示信息，或者提示信息有误，Message: 

2020-12-07 12:58:42,883 ERROR [admin] [test003_user.py(test04_user_conversation:97)] - 没有收到消息
2020-12-07 13:20:58,385 ERROR [admin] [test003_user.py(test04_user_conversation:97)] - 没有收到消息
2020-12-07 13:37:57,922 ERROR [admin] [test001_fwq.py(test01_fwq_hand_add:59)] - 无错误提示信息，或者提示信息有误，Message: 

2020-12-07 13:38:24,064 ERROR [admin] [test001_fwq.py(test01_fwq_hand_add:59)] - 无错误提示信息，或者提示信息有误，Message: 

2020-12-07 14:05:14,469 ERROR [admin] [test001_fwq.py(test01_fwq_hand_add:59)] - 无错误提示信息，或者提示信息有误，Message: 

2020-12-07 14:05:40,282 ERROR [admin] [test001_fwq.py(test01_fwq_hand_add:59)] - 无错误提示信息，或者提示信息有误，Message: 

2020-12-07 14:24:05,203 ERROR [admin] [test001_fwq.py(test01_fwq_hand_add:59)] - 无错误提示信息，或者提示信息有误，Message: 

2020-12-07 14:24:31,823 ERROR [admin] [test001_fwq.py(test01_fwq_hand_add:59)] - 无错误提示信息，或者提示信息有误，Message: 

2020-12-07 14:43:24,038 ERROR [admin] [test001_fwq.py(test01_fwq_hand_add:59)] - 无错误提示信息，或者提示信息有误，Message: 

2020-12-07 14:43:50,920 ERROR [admin] [test001_fwq.py(test01_fwq_hand_add:59)] - 无错误提示信息，或者提示信息有误，Message: 

